<?xml version="1.0" encoding="UTF-8"?>
<testsuite xmlns:xsi="http://www.w3.org/2001/XMLSchema-instance" xsi:noNamespaceSchemaLocation="https://maven.apache.org/surefire/maven-surefire-plugin/xsd/surefire-test-report.xsd" name="com.mycompany.app.AppTest" time="0.286" tests="1" errors="0" skipped="0" failures="0">
  <properties>
    <property name="java.specification.version" value="17"/>
    <property name="sun.jnu.encoding" value="UTF-8"/>
    <property name="java.class.path" value="/home/runner/DefiniteMindlessArguments/my-app/target/test-classes:/home/runner/DefiniteMindlessArguments/my-app/target/classes:/home/runner/.m2/repository/junit/junit/4.11/junit-4.11.jar:/home/runner/.m2/repository/org/hamcrest/hamcrest-core/1.3/hamcrest-core-1.3.jar:"/>
    <property name="java.vm.vendor" value="GraalVM Community"/>
    <property name="sun.arch.data.model" value="64"/>
    <property name="java.vendor.url" value="https://www.graalvm.org/"/>
    <property name="os.name" value="Linux"/>
    <property name="java.vm.specification.version" value="17"/>
    <property name="sun.java.launcher" value="SUN_STANDARD"/>
    <property name="user.country" value="US"/>
    <property name="sun.boot.library.path" value="/nix/store/nfyj24p265scn3zp0pk0fm4rr5g7s2pf-graalvm17-ce-22.1.0/lib"/>
    <property name="sun.java.command" value="/home/runner/DefiniteMindlessArguments/my-app/target/surefire/surefirebooter900711646742441862.jar /home/runner/DefiniteMindlessArguments/my-app/target/surefire 2022-10-17T14-00-52_154-jvmRun1 surefire7310841256466564337tmp surefire_015106370967845586434tmp"/>
    <property name="jdk.debug" value="release"/>
    <property name="surefire.test.class.path" value="/home/runner/DefiniteMindlessArguments/my-app/target/test-classes:/home/runner/DefiniteMindlessArguments/my-app/target/classes:/home/runner/.m2/repository/junit/junit/4.11/junit-4.11.jar:/home/runner/.m2/repository/org/hamcrest/hamcrest-core/1.3/hamcrest-core-1.3.jar:"/>
    <property name="sun.cpu.endian" value="little"/>
    <property name="user.home" value="/home/runner"/>
    <property name="user.language" value="en"/>
    <property name="java.specification.vendor" value="Oracle Corporation"/>
    <property name="java.version.date" value="2022-04-19"/>
    <property name="java.home" value="/nix/store/nfyj24p265scn3zp0pk0fm4rr5g7s2pf-graalvm17-ce-22.1.0"/>
    <property name="file.separator" value="/"/>
    <property name="basedir" value="/home/runner/DefiniteMindlessArguments/my-app"/>
    <property name="java.vm.compressedOopsMode" value="32-bit"/>
    <property name="jdk.internal.vm.ci.enabled" value="true"/>
    <property name="line.separator" value="&#10;"/>
    <property name="java.specification.name" value="Java Platform API Specification"/>
    <property name="java.vm.specification.vendor" value="Oracle Corporation"/>
    <property name="surefire.real.class.path" value="/home/runner/DefiniteMindlessArguments/my-app/target/surefire/surefirebooter900711646742441862.jar"/>
    <property name="sun.management.compiler" value="HotSpot 64-Bit Tiered Compilers"/>
    <property name="java.runtime.version" value="17.0.3+7-jvmci-22.1-b06"/>
    <property name="user.name" value="runner"/>
    <property name="path.separator" value=":"/>
    <property name="os.version" value="5.15.0-1018-gcp"/>
    <property name="java.runtime.name" value="OpenJDK Runtime Environment"/>
    <property name="file.encoding" value="UTF-8"/>
    <property name="java.vm.name" value="OpenJDK 64-Bit Server VM"/>
    <property name="java.vendor.version" value="GraalVM CE 22.1.0"/>
    <property name="localRepository" value="/home/runner/.m2/repository"/>
    <property name="java.vendor.url.bug" value="https://github.com/oracle/graal/issues"/>
    <property name="java.io.tmpdir" value="/tmp"/>
    <property name="java.version" value="17.0.3"/>
    <property name="user.dir" value="/home/runner/DefiniteMindlessArguments/my-app"/>
    <property name="os.arch" value="amd64"/>
    <property name="java.vm.specification.name" value="Java Virtual Machine Specification"/>
    <property name="native.encoding" value="UTF-8"/>
    <property name="java.library.path" value="/nix/store/z7ff1q791ar3ghh8fcmiblaq654sw220-cups-2.4.2-lib/lib:/nix/store/yvzlx032kf9kn507y7iyrqxspfypvnnr-cairo-1.16.0/lib:/nix/store/s7yq6ngnxf4gsp4263q7xywfjihh5mpn-glib-2.72.2/lib:/nix/store/sqhmx15c0ici7qsy4ambqhkic76pc7fq-gtk+3-3.24.34/lib:/nix/store/p36pgcv991mq5srvg765b78yqpxvk3qs-mesa-21.3.3-drivers/lib:/nix/store/m4bkxaj6v03nd0afc276szq9vy4wrvlc-mesa_glxindirect/lib:/nix/store/mav4251if1ahjq5vkpwycyyvnmy459c4-pulseaudio-14.2/lib:/usr/java/packages/lib:/usr/lib64:/lib64:/lib:/usr/lib"/>
    <property name="java.vm.info" value="mixed mode, sharing"/>
    <property name="java.vendor" value="GraalVM Community"/>
    <property name="java.vm.version" value="17.0.3+7-jvmci-22.1-b06"/>
    <property name="sun.io.unicode.encoding" value="UnicodeLittle"/>
    <property name="java.class.version" value="61.0"/>
  </properties>
  <testcase name="shouldAnswerWithTrue" classname="com.mycompany.app.AppTest" time="0.077"/>
</testsuite>